<?xml version="1.0" encoding="UTF-8"?>
<testsuite name="es.codeurjc.em.snake.SnakeTest" time="10.048" tests="2" errors="2" skipped="0" failures="0">
  <properties>
    <property name="java.runtime.name" value="Java(TM) SE Runtime Environment"/>
    <property name="sun.boot.library.path" value="C:\Program Files\Java\jdk1.8.0_151\jre\bin"/>
    <property name="java.vm.version" value="25.151-b12"/>
    <property name="java.vm.vendor" value="Oracle Corporation"/>
    <property name="java.vendor.url" value="http://java.oracle.com/"/>
    <property name="path.separator" value=";"/>
    <property name="guice.disable.misplaced.annotation.check" value="true"/>
    <property name="java.vm.name" value="Java HotSpot(TM) 64-Bit Server VM"/>
    <property name="file.encoding.pkg" value="sun.io"/>
    <property name="user.script" value=""/>
    <property name="user.country" value="ES"/>
    <property name="sun.java.launcher" value="SUN_STANDARD"/>
    <property name="sun.os.patch.level" value=""/>
    <property name="java.vm.specification.name" value="Java Virtual Machine Specification"/>
    <property name="user.dir" value="E:\Git\Snake\Snake"/>
    <property name="java.runtime.version" value="1.8.0_151-b12"/>
    <property name="java.awt.graphicsenv" value="sun.awt.Win32GraphicsEnvironment"/>
    <property name="java.endorsed.dirs" value="C:\Program Files\Java\jdk1.8.0_151\jre\lib\endorsed"/>
    <property name="os.arch" value="amd64"/>
    <property name="java.io.tmpdir" value="C:\Users\JOSEDA~1\AppData\Local\Temp\"/>
    <property name="line.separator" value="&#10;"/>
    <property name="java.vm.specification.vendor" value="Oracle Corporation"/>
    <property name="user.variant" value=""/>
    <property name="os.name" value="Windows 10"/>
    <property name="maven.ext.class.path" value="E:\Jose Daniel Campos\Archivos de programa\NetBeans 8.2\java\maven-nblib\netbeans-eventspy.jar"/>
    <property name="classworlds.conf" value="E:\Jose Daniel Campos\Archivos de programa\NetBeans 8.2\java\maven\bin\m2.conf"/>
    <property name="sun.jnu.encoding" value="Cp1252"/>
    <property name="java.library.path" value="C:\Program Files\Java\jdk1.8.0_151\bin;C:\WINDOWS\Sun\Java\bin;C:\WINDOWS\system32;C:\WINDOWS;c:\program files\nvidia gpu computing toolkit\cuda\v8.0\bin;c:\program files\nvidia gpu computing toolkit\cuda\v8.0\libnvvp;c:\programdata\oracle\java\javapath;c:\windows\system32;c:\windows;c:\windows\system32\wbem;c:\windows\system32\windowspowershell\v1.0\;c:\program files (x86)\ati technologies\ati.ace\core-static;c:\program files\microsoft sql server\120\tools\binn\;c:\program files (x86)\gtksharp\2.12\bin;c:\program files\common files\autodesk shared\;c:\program files\microsoft sql server\110\tools\binn\;c:\program files\microsoft sql server\130\tools\binn\;c:\program files (x86)\nodejs\;c:\program files\git\cmd;c:\program files (x86)\windows kits\10\windows performance toolkit\;c:\program files (x86)\skype\phone\;c:\program files (x86)\git\cmd;c:\program files (x86)\gitextensions\;c:\users\jose daniel campos\.dnx\bin;c:\program files\microsoft dnx\dnvm\;c:\program files (x86)\windows live\shared;C:\Program Files (x86)\NVIDIA Corporation\PhysX\Common;C:\Program Files\dotnet\;C:\Program Files\PuTTY\;C:\Program Files (x86)\Autodesk\Backburner\;%SystemRoot%\system32;%SystemRoot%;%SystemRoot%\System32\Wbem;%SYSTEMROOT%\System32\WindowsPowerShell\v1.0\;C:\Users\Jose Daniel Campos\AppData\Roaming\npm;C:\Users\Jose Daniel Campos\AppData\Local\Microsoft\WindowsApps;E:\Jose Daniel Campos\Archivos de programa\Microsoft VS Code\bin;E:\Jose Daniel Campos\Archivos de programa\MongoDB\bin;;."/>
    <property name="java.specification.name" value="Java Platform API Specification"/>
    <property name="java.class.version" value="52.0"/>
    <property name="sun.management.compiler" value="HotSpot 64-Bit Tiered Compilers"/>
    <property name="os.version" value="10.0"/>
    <property name="user.home" value="C:\Users\Jose Daniel Campos"/>
    <property name="user.timezone" value="Europe/Paris"/>
    <property name="java.awt.printerjob" value="sun.awt.windows.WPrinterJob"/>
    <property name="java.specification.version" value="1.8"/>
    <property name="file.encoding" value="UTF-8"/>
    <property name="user.name" value="Jose Daniel Campos"/>
    <property name="java.class.path" value="E:\Jose Daniel Campos\Archivos de programa\NetBeans 8.2\java\maven\boot\plexus-classworlds-2.4.jar"/>
    <property name="java.vm.specification.version" value="1.8"/>
    <property name="sun.arch.data.model" value="64"/>
    <property name="java.home" value="C:\Program Files\Java\jdk1.8.0_151\jre"/>
    <property name="sun.java.command" value="org.codehaus.plexus.classworlds.launcher.Launcher -Dmaven.ext.class.path=E:\Jose Daniel Campos\Archivos de programa\NetBeans 8.2\java\maven-nblib\netbeans-eventspy.jar -Dfile.encoding=UTF-8 clean install"/>
    <property name="java.specification.vendor" value="Oracle Corporation"/>
    <property name="user.language" value="es"/>
    <property name="awt.toolkit" value="sun.awt.windows.WToolkit"/>
    <property name="java.vm.info" value="mixed mode"/>
    <property name="java.version" value="1.8.0_151"/>
    <property name="java.ext.dirs" value="C:\Program Files\Java\jdk1.8.0_151\jre\lib\ext;C:\WINDOWS\Sun\Java\lib\ext"/>
    <property name="sun.boot.class.path" value="C:\Program Files\Java\jdk1.8.0_151\jre\lib\resources.jar;C:\Program Files\Java\jdk1.8.0_151\jre\lib\rt.jar;C:\Program Files\Java\jdk1.8.0_151\jre\lib\sunrsasign.jar;C:\Program Files\Java\jdk1.8.0_151\jre\lib\jsse.jar;C:\Program Files\Java\jdk1.8.0_151\jre\lib\jce.jar;C:\Program Files\Java\jdk1.8.0_151\jre\lib\charsets.jar;C:\Program Files\Java\jdk1.8.0_151\jre\lib\jfr.jar;C:\Program Files\Java\jdk1.8.0_151\jre\classes"/>
    <property name="java.vendor" value="Oracle Corporation"/>
    <property name="maven.home" value="E:\Jose Daniel Campos\Archivos de programa\NetBeans 8.2\java\maven"/>
    <property name="file.separator" value="\"/>
    <property name="java.vendor.url.bug" value="http://bugreport.sun.com/bugreport/"/>
    <property name="sun.cpu.endian" value="little"/>
    <property name="sun.io.unicode.encoding" value="UnicodeLittle"/>
    <property name="sun.desktop" value="windows"/>
    <property name="sun.cpu.isalist" value="amd64"/>
  </properties>
  <testcase name="testConnection" classname="es.codeurjc.em.snake.SnakeTest" time="5.044">
    <error message="The HTTP request to initiate the WebSocket connection failed" type="javax.websocket.DeploymentException">javax.websocket.DeploymentException: The HTTP request to initiate the WebSocket connection failed
	at sun.nio.ch.PendingFuture.get(PendingFuture.java:197)
	at org.apache.tomcat.websocket.WsWebSocketContainer.connectToServer(WsWebSocketContainer.java:333)
	at org.apache.tomcat.websocket.WsWebSocketContainer.connectToServer(WsWebSocketContainer.java:150)
	at es.codeurjc.em.snake.WebSocketClient.connect(WebSocketClient.java:64)
	at es.codeurjc.em.snake.SnakeTest.testConnection(SnakeTest.java:21)
</error>
    <system-out><![CDATA[
  .   ____          _            __ _ _
 /\\ / ___'_ __ _ _(_)_ __  __ _ \ \ \ \
( ( )\___ | '_ | '_| | '_ \/ _` | \ \ \ \
 \\/  ___)| |_)| | | | | || (_| |  ) ) ) )
  '  |____| .__|_| |_|_| |_\__, | / / / /
 =========|_|==============|___/=/_/_/_/
 :: Spring Boot ::        (v1.5.2.RELEASE)

2018-05-21 18:35:42.210  INFO 11720 --- [           main] es.codeurjc.em.snake.Application         : Starting Application on DESKTOP-I7H4T0E with PID 11720 (started by Jose Daniel Campos in E:\Git\Snake\Snake)
2018-05-21 18:35:42.212  INFO 11720 --- [           main] es.codeurjc.em.snake.Application         : No active profile set, falling back to default profiles: default
2018-05-21 18:35:42.289  INFO 11720 --- [           main] ationConfigEmbeddedWebApplicationContext : Refreshing org.springframework.boot.context.embedded.AnnotationConfigEmbeddedWebApplicationContext@5bd03f44: startup date [Mon May 21 18:35:42 CEST 2018]; root of context hierarchy
2018-05-21 18:35:42.990  INFO 11720 --- [           main] o.s.b.f.s.DefaultListableBeanFactory     : Overriding bean definition for bean 'snakeHandler' with a different definition: replacing [Generic bean: class [es.codeurjc.em.snake.SnakeHandler]; scope=singleton; abstract=false; lazyInit=false; autowireMode=0; dependencyCheck=0; autowireCandidate=true; primary=false; factoryBeanName=null; factoryMethodName=null; initMethodName=null; destroyMethodName=null; defined in file [E:\Git\Snake\Snake\target\classes\es\codeurjc\em\snake\SnakeHandler.class]] with [Root bean: class [null]; scope=; abstract=false; lazyInit=false; autowireMode=3; dependencyCheck=0; autowireCandidate=true; primary=false; factoryBeanName=application; factoryMethodName=snakeHandler; initMethodName=null; destroyMethodName=(inferred); defined in es.codeurjc.em.snake.Application]
2018-05-21 18:35:44.094  INFO 11720 --- [           main] s.b.c.e.t.TomcatEmbeddedServletContainer : Tomcat initialized with port(s): 8080 (http)
2018-05-21 18:35:44.104  INFO 11720 --- [           main] o.apache.catalina.core.StandardService   : Starting service Tomcat
2018-05-21 18:35:44.107  INFO 11720 --- [           main] org.apache.catalina.core.StandardEngine  : Starting Servlet Engine: Apache Tomcat/8.5.11
2018-05-21 18:35:44.232  INFO 11720 --- [ost-startStop-1] o.a.c.c.C.[Tomcat].[localhost].[/]       : Initializing Spring embedded WebApplicationContext
2018-05-21 18:35:44.233  INFO 11720 --- [ost-startStop-1] o.s.web.context.ContextLoader            : Root WebApplicationContext: initialization completed in 1947 ms
2018-05-21 18:35:44.423  INFO 11720 --- [ost-startStop-1] o.s.b.w.servlet.ServletRegistrationBean  : Mapping servlet: 'dispatcherServlet' to [/]
2018-05-21 18:35:44.428  INFO 11720 --- [ost-startStop-1] o.s.b.w.servlet.FilterRegistrationBean   : Mapping filter: 'characterEncodingFilter' to: [/*]
2018-05-21 18:35:44.430  INFO 11720 --- [ost-startStop-1] o.s.b.w.servlet.FilterRegistrationBean   : Mapping filter: 'hiddenHttpMethodFilter' to: [/*]
2018-05-21 18:35:44.430  INFO 11720 --- [ost-startStop-1] o.s.b.w.servlet.FilterRegistrationBean   : Mapping filter: 'httpPutFormContentFilter' to: [/*]
2018-05-21 18:35:44.431  INFO 11720 --- [ost-startStop-1] o.s.b.w.servlet.FilterRegistrationBean   : Mapping filter: 'requestContextFilter' to: [/*]
2018-05-21 18:35:44.556  INFO 11720 --- [           main] o.s.s.c.ThreadPoolTaskScheduler          : Initializing ExecutorService  'defaultSockJsTaskScheduler'
2018-05-21 18:35:44.581  INFO 11720 --- [           main] o.s.w.s.s.s.WebSocketHandlerMapping      : Mapped URL path [/snake] onto handler of type [class org.springframework.web.socket.server.support.WebSocketHttpRequestHandler]
2018-05-21 18:35:44.853  INFO 11720 --- [           main] s.w.s.m.m.a.RequestMappingHandlerAdapter : Looking for @ControllerAdvice: org.springframework.boot.context.embedded.AnnotationConfigEmbeddedWebApplicationContext@5bd03f44: startup date [Mon May 21 18:35:42 CEST 2018]; root of context hierarchy
2018-05-21 18:35:44.957  INFO 11720 --- [           main] s.w.s.m.m.a.RequestMappingHandlerMapping : Mapped "{[/games/],methods=[GET]}" onto public java.util.List<java.lang.String> es.codeurjc.em.snake.SnakeHandler.GetGames()
2018-05-21 18:35:44.960  INFO 11720 --- [           main] s.w.s.m.m.a.RequestMappingHandlerMapping : Mapped "{[/games/],methods=[POST]}" onto public int es.codeurjc.em.snake.SnakeHandler.PostGame(java.lang.String)
2018-05-21 18:35:44.962  INFO 11720 --- [           main] s.w.s.m.m.a.RequestMappingHandlerMapping : Mapped "{[/error]}" onto public org.springframework.http.ResponseEntity<java.util.Map<java.lang.String, java.lang.Object>> org.springframework.boot.autoconfigure.web.BasicErrorController.error(javax.servlet.http.HttpServletRequest)
2018-05-21 18:35:44.962  INFO 11720 --- [           main] s.w.s.m.m.a.RequestMappingHandlerMapping : Mapped "{[/error],produces=[text/html]}" onto public org.springframework.web.servlet.ModelAndView org.springframework.boot.autoconfigure.web.BasicErrorController.errorHtml(javax.servlet.http.HttpServletRequest,javax.servlet.http.HttpServletResponse)
2018-05-21 18:35:45.004  INFO 11720 --- [           main] o.s.w.s.handler.SimpleUrlHandlerMapping  : Mapped URL path [/webjars/**] onto handler of type [class org.springframework.web.servlet.resource.ResourceHttpRequestHandler]
2018-05-21 18:35:45.007  INFO 11720 --- [           main] o.s.w.s.handler.SimpleUrlHandlerMapping  : Mapped URL path [/**] onto handler of type [class org.springframework.web.servlet.resource.ResourceHttpRequestHandler]
2018-05-21 18:35:45.085  INFO 11720 --- [           main] o.s.w.s.handler.SimpleUrlHandlerMapping  : Mapped URL path [/**/favicon.ico] onto handler of type [class org.springframework.web.servlet.resource.ResourceHttpRequestHandler]
2018-05-21 18:35:45.160  WARN 11720 --- [           main] o.s.b.a.m.MustacheAutoConfiguration      : Cannot find template location: classpath:/templates/ (please add some templates, check your Mustache configuration, or set spring.mustache.check-template-location=false)
2018-05-21 18:35:45.340  INFO 11720 --- [           main] oConfiguration$WelcomePageHandlerMapping : Adding welcome page: class path resource [static/index.html]
2018-05-21 18:35:45.581  INFO 11720 --- [           main] o.s.j.e.a.AnnotationMBeanExporter        : Registering beans for JMX exposure on startup
2018-05-21 18:35:45.592  INFO 11720 --- [           main] o.s.c.support.DefaultLifecycleProcessor  : Starting beans in phase 2147483647
2018-05-21 18:35:45.667  INFO 11720 --- [           main] s.b.c.e.t.TomcatEmbeddedServletContainer : Tomcat started on port(s): 8080 (http)
2018-05-21 18:35:45.670  INFO 11720 --- [           main] es.codeurjc.em.snake.Application         : Started Application in 3.793 seconds (JVM running for 4.308)
]]></system-out>
  </testcase>
  <testcase name="testJoin" classname="es.codeurjc.em.snake.SnakeTest" time="5.004">
    <error message="The HTTP request to initiate the WebSocket connection failed" type="javax.websocket.DeploymentException">javax.websocket.DeploymentException: The HTTP request to initiate the WebSocket connection failed
	at sun.nio.ch.PendingFuture.get(PendingFuture.java:197)
	at org.apache.tomcat.websocket.WsWebSocketContainer.connectToServer(WsWebSocketContainer.java:333)
	at org.apache.tomcat.websocket.WsWebSocketContainer.connectToServer(WsWebSocketContainer.java:150)
	at es.codeurjc.em.snake.WebSocketClient.connect(WebSocketClient.java:64)
	at es.codeurjc.em.snake.SnakeTest.testJoin(SnakeTest.java:36)
</error>
  </testcase>
</testsuite>